<?xml version="1.0" encoding="UTF-8"?>
<!-- Generated by org.testng.reporters.JUnitReportReporter -->
<testsuite hostname="RAHUL-JACOB" failures="0" tests="1" name="testscripts.ManageOrdersTest" time="6.505" errors="0" timestamp="2024-02-12T12:10:31 IST" skipped="0">
  <testcase classname="testscripts.ManageOrdersTest" name="verifyThatTheUserCanSeeTheOrderDetailsInTheManageOrdersPage" time="6.505"/>
</testsuite> <!-- testscripts.ManageOrdersTest -->
