<?xml version="1.0" encoding="UTF-8"?>
<!-- Generated by org.testng.reporters.JUnitReportReporter -->
<testsuite hostname="RAHUL-JACOB" failures="0" tests="1" name="testscripts.AdminUsersTest" time="6.269" errors="0" timestamp="2024-02-09T07:02:33 IST" skipped="0">
  <testcase classname="testscripts.AdminUsersTest" name="verifyThatANewAdminUserCanBeAddedToAdminUsersTable" time="6.269"/>
</testsuite> <!-- testscripts.AdminUsersTest -->
