<?xml version="1.0" encoding="UTF-8"?>
<!-- Generated by org.testng.reporters.JUnitReportReporter -->
<testsuite hostname="RAHUL-JACOB" failures="0" tests="2" name="testscripts.MenuTest" time="7.744" errors="0" timestamp="2024-02-14T08:02:34 IST" skipped="1">
  <testcase classname="testscripts.MenuTest" name="verifyThatWhenClickedOnMenuItemsNavigatesToTheCorrespondingPage" time="5.719"/>
  <testcase classname="testscripts.MenuTest" name="verifyThatWhenClickedOnMenuItemsNavigatesToTheCorrespondingPage" time="2.025">
    <skipped/>
  </testcase> <!-- verifyThatWhenClickedOnMenuItemsNavigatesToTheCorrespondingPage -->
</testsuite> <!-- testscripts.MenuTest -->
