<?xml version="1.0" encoding="UTF-8"?>
<!-- Generated by org.testng.reporters.JUnitReportReporter -->
<testsuite hostname="RAHUL-JACOB" failures="0" tests="1" name="testscripts.PushNotificationTest" time="3.392" errors="0" timestamp="2024-02-07T17:23:05 IST" skipped="0">
  <testcase classname="testscripts.PushNotificationTest" name="verifyThatTheUserCanSendAMessageInPushNotificationPage" time="3.392"/>
</testsuite> <!-- testscripts.PushNotificationTest -->
