<?xml version="1.0" encoding="UTF-8"?>
<!-- Generated by org.testng.reporters.JUnitReportReporter -->
<testsuite hostname="RAHUL-JACOB" failures="0" tests="1" name="testscripts.AdminUsersTest" time="3.411" errors="0" timestamp="2024-02-10T20:13:27 IST" skipped="0">
  <testcase classname="testscripts.AdminUsersTest" name="verifyThatANewAdminUserCanBeAddedToAdminUsersTable" time="3.411"/>
</testsuite> <!-- testscripts.AdminUsersTest -->
