<?xml version="1.0" encoding="UTF-8"?>
<!-- Generated by org.testng.reporters.JUnitReportReporter -->
<testsuite hostname="RAHUL-JACOB" failures="0" tests="1" name="testscripts.ManageOfferCodeTest" time="3.372" errors="0" timestamp="2024-02-07T17:23:05 IST" skipped="0">
  <testcase classname="testscripts.ManageOfferCodeTest" name="verifyWhetherTheUserIsAbleToAddANewOfferCodeInTheManageOfferCodePage" time="3.372"/>
</testsuite> <!-- testscripts.ManageOfferCodeTest -->
