<?xml version="1.0" encoding="UTF-8"?>
<!-- Generated by org.testng.reporters.JUnitReportReporter -->
<testsuite hostname="RAHUL-JACOB" failures="0" tests="1" name="login_testscript.LoginFunctionality" time="3.095" errors="0" timestamp="2024-01-22T14:21:42 IST" skipped="0">
  <testcase classname="login_testscript.LoginFunctionality" name="toVerifyWhetherUserCanLoginUsingBothValidCredentials" time="3.095"/>
</testsuite> <!-- login_testscript.LoginFunctionality -->
