<?xml version="1.0" encoding="UTF-8"?>
<!-- Generated by org.testng.reporters.JUnitReportReporter -->
<testsuite hostname="RAHUL-JACOB" failures="0" tests="1" name="testscripts.ManageOrdersTest" time="6.948" errors="0" timestamp="2024-02-12T09:26:09 IST" skipped="0">
  <testcase classname="testscripts.ManageOrdersTest" name="verifyThatTheUserCanSeeTheOrderDetailsInTheManageOrdersPage" time="6.948"/>
</testsuite> <!-- testscripts.ManageOrdersTest -->
