<?xml version="1.0" encoding="UTF-8"?>
<!-- Generated by org.testng.reporters.JUnitReportReporter -->
<testsuite hostname="RAHUL-JACOB" failures="0" tests="2" name="testscripts.ManageSlidersTest" time="9.779" errors="0" timestamp="2024-02-14T07:59:28 IST" skipped="0">
  <testcase classname="testscripts.ManageSlidersTest" name="verifyThatUserIsAbleToUploadAnImageAndLinkToListSliders" time="4.406"/>
  <testcase classname="testscripts.ManageSlidersTest" name="verifyThatUserIsAbleToUploadAnImageAndLinkToListSliders" time="5.373"/>
</testsuite> <!-- testscripts.ManageSlidersTest -->
