<?xml version="1.0" encoding="UTF-8"?>
<!-- Generated by org.testng.reporters.JUnitReportReporter -->
<testsuite hostname="RAHUL-JACOB" failures="0" tests="4" name="testscripts.ManageSlidersTest" time="15.520" errors="0" timestamp="2024-02-12T07:27:08 IST" skipped="2">
  <testcase classname="testscripts.ManageSlidersTest" name="verifyThatUserIsAbleToUploadAnImageAndLinkToListSliders" time="2.953">
    <skipped/>
  </testcase> <!-- verifyThatUserIsAbleToUploadAnImageAndLinkToListSliders -->
  <testcase classname="testscripts.ManageSlidersTest" name="verifyThatUserIsAbleToUploadAnImageAndLinkToListSliders" time="5.677"/>
  <testcase classname="testscripts.ManageSlidersTest" name="verifyThatUserIsAbleToUploadAnImageAndLinkToListSliders" time="4.824"/>
  <testcase classname="testscripts.ManageSlidersTest" name="verifyThatUserIsAbleToUploadAnImageAndLinkToListSliders" time="2.066">
    <skipped/>
  </testcase> <!-- verifyThatUserIsAbleToUploadAnImageAndLinkToListSliders -->
</testsuite> <!-- testscripts.ManageSlidersTest -->
