<?xml version="1.0" encoding="UTF-8"?>
<!-- Generated by org.testng.reporters.JUnitReportReporter -->
<testsuite hostname="RAHUL-JACOB" failures="0" tests="1" name="testscripts.MenuTest" time="3.858" errors="0" timestamp="2024-02-07T17:23:05 IST" skipped="0">
  <testcase classname="testscripts.MenuTest" name="verifyThatWhenClickedOnMenuItemsNavigatesToTheCorrespondingPage" time="3.858"/>
</testsuite> <!-- testscripts.MenuTest -->
