<?xml version="1.0" encoding="UTF-8"?>
<!-- Generated by org.testng.reporters.JUnitReportReporter -->
<testsuite hostname="RAHUL-JACOB" failures="0" tests="1" name="testscripts.PushNotificationTest" time="2.991" errors="0" timestamp="2024-02-15T06:12:54 IST" skipped="0">
  <testcase classname="testscripts.PushNotificationTest" name="verifyThatTheUserCanSendAMessageInPushNotificationPage" time="2.991"/>
</testsuite> <!-- testscripts.PushNotificationTest -->
