<?xml version="1.0" encoding="UTF-8"?>
<!-- Generated by org.testng.reporters.JUnitReportReporter -->
<testsuite hostname="RAHUL-JACOB" failures="0" tests="1" name="testscripts.ManageSlidersTest" time="3.055" errors="0" timestamp="2024-02-15T06:12:54 IST" skipped="0">
  <testcase classname="testscripts.ManageSlidersTest" name="verifyThatUserIsAbleToUploadAnImageAndLinkToListSliders" time="3.055"/>
</testsuite> <!-- testscripts.ManageSlidersTest -->
