<?xml version="1.0" encoding="UTF-8"?>
<!-- Generated by org.testng.reporters.JUnitReportReporter -->
<testsuite hostname="RAHUL-JACOB" failures="0" tests="1" name="testscripts.MobileSliderTest" time="7.336" errors="0" timestamp="2024-02-14T07:57:04 IST" skipped="0">
  <testcase classname="testscripts.MobileSliderTest" name="verifyThatTheUserCanAddANewSliderInTheMobileSliderPage" time="7.336"/>
</testsuite> <!-- testscripts.MobileSliderTest -->
