<?xml version="1.0" encoding="UTF-8"?>
<!-- Generated by org.testng.reporters.JUnitReportReporter -->
<testsuite hostname="RAHUL-JACOB" failures="0" tests="1" name="testscripts.MenuTest" time="4.780" errors="0" timestamp="2024-02-10T20:13:27 IST" skipped="0">
  <testcase classname="testscripts.MenuTest" name="verifyThatWhenClickedOnMenuItemsNavigatesToTheCorrespondingPage" time="4.780"/>
</testsuite> <!-- testscripts.MenuTest -->
