<?xml version="1.0" encoding="UTF-8"?>
<!-- Generated by org.testng.reporters.JUnitReportReporter -->
<testsuite hostname="RAHUL-JACOB" failures="0" tests="1" name="testscripts.ManageDeliveryBoyTest" time="2.832" errors="0" timestamp="2024-02-09T07:02:33 IST" skipped="0">
  <testcase classname="testscripts.ManageDeliveryBoyTest" name="verifyWhenUserSearchDeliveryBoyUsingCredentialsItDisplaysDetailsOfCorrespondingDeliveryBoy" time="2.832"/>
</testsuite> <!-- testscripts.ManageDeliveryBoyTest -->
