<?xml version="1.0" encoding="UTF-8"?>
<!-- Generated by org.testng.reporters.JUnitReportReporter -->
<testsuite hostname="RAHUL-JACOB" failures="0" tests="1" name="testscripts.AddLocationsTest" time="2.963" errors="0" timestamp="2024-02-07T17:23:05 IST" skipped="0">
  <testcase classname="testscripts.AddLocationsTest" name="verifyWetherUserCanAddNewLocation" time="2.963"/>
</testsuite> <!-- testscripts.AddLocationsTest -->
