<?xml version="1.0" encoding="UTF-8"?>
<!-- Generated by org.testng.reporters.JUnitReportReporter -->
<testsuite hostname="RAHUL-JACOB" failures="0" tests="1" name="testscripts.AddLocationsTest" time="3.542" errors="0" timestamp="2024-02-10T20:13:27 IST" skipped="0">
  <testcase classname="testscripts.AddLocationsTest" name="verifyWetherUserCanAddNewLocation" time="3.542"/>
</testsuite> <!-- testscripts.AddLocationsTest -->
