<?xml version="1.0" encoding="UTF-8"?>
<!-- Generated by org.testng.reporters.JUnitReportReporter -->
<testsuite hostname="RAHUL-JACOB" failures="0" tests="1" name="testscripts.ManageOrdersTest" time="5.178" errors="0" timestamp="2024-02-15T06:12:54 IST" skipped="0">
  <testcase classname="testscripts.ManageOrdersTest" name="verifyThatTheUserCanSeeTheOrderDetailsInTheManageOrdersPage" time="5.178"/>
</testsuite> <!-- testscripts.ManageOrdersTest -->
