<?xml version="1.0" encoding="UTF-8"?>
<!-- Generated by org.testng.reporters.JUnitReportReporter -->
<testsuite hostname="RAHUL-JACOB" failures="0" tests="4" name="testscripts.LoginTest" time="10.155" errors="0" timestamp="2024-02-10T20:13:27 IST" skipped="0">
  <testcase classname="testscripts.LoginTest" name="VerifyWhetherUserCanLoginUsingBothInvalidCredentials" time="2.353"/>
  <testcase classname="testscripts.LoginTest" name="VerifyWhetherUserCanLoginUsingInvalidUsernameButValidPassword" time="2.438"/>
  <testcase classname="testscripts.LoginTest" name="verifyWhetherUserCanLoginUsingBothValidCredentials" time="2.097"/>
  <testcase classname="testscripts.LoginTest" name="VerifyWhetherUserCanLoginUsingValidUsernameButInvalidPassword" time="3.267"/>
</testsuite> <!-- testscripts.LoginTest -->
